
Status: FAILED!
Check: 1
Test: Negative number test 1
Reason: Unable to find '['2 3 4 5', '14']' in the program's output.
Please enter an integer: The individual digits are: 5 4 3 2 
The sum of the digits is: 14
.
Error : AssertionError - Unable to find 2 3 4 5 in the program's output.
Timestamp: 2024-10-24 17:08:51.761531

Status: PASSED!
Check: 2
Test: Negative, single-digit number test 1
Reason: None
Timestamp: 2024-10-24 17:08:51.763690
