
Status: FAILED!
Check: 1
Test: Decimal format
Reason: Unable to find 'setprecision(2)' in the program.
Error : str - AssertionError
Timestamp: 2024-10-03 02:39:26.361382
